[2019-02-21 02:43:28] main.CRITICAL: RuntimeException: Can't create directory /home/cloudpanel/htdocs/freshmage/var/generation/Magento/Framework/Event/Config/Reader/. in /home/cloudpanel/htdocs/freshmage/vendor/magento/framework/Code/Generator.php:115
Stack trace:
#0 /home/cloudpanel/htdocs/freshmage/vendor/magento/framework/Code/Generator/Autoloader.php(35): Magento\Framework\Code\Generator->generateClass('Magento\\Framewo...')
#1 [internal function]: Magento\Framework\Code\Generator\Autoloader->load('Magento\\Framewo...')
#2 [internal function]: spl_autoload_call('Magento\\Framewo...')
#3 /home/cloudpanel/htdocs/freshmage/vendor/magento/framework/ObjectManager/Relations/Runtime.php(38): class_exists('Magento\\Framewo...')
#4 /home/cloudpanel/htdocs/freshmage/vendor/magento/framework/Interception/Config/Config.php(153): Magento\Framework\ObjectManager\Relations\Runtime->has('Magento\\Framewo...')
#5 /home/cloudpanel/htdocs/freshmage/vendor/magento/framework/Interception/Config/Config.php(176): Magento\Framework\Interception\Config\Config->_inheritInterception('Magento\\Framewo...')
#6 /home/cloudpanel/htdocs/freshmage/vendor/magento/framework/Interception/ObjectManager/Config/Developer.php(61): Magento\Framework\Interception\Config\Config->hasPlugins('Magento\\Framewo...')
#7 /home/cloudpanel/htdocs/freshmage/vendor/magento/framework/ObjectManager/Factory/Dynamic/Developer.php(70): Magento\Framework\Interception\ObjectManager\Config\Developer->getInstanceType('Magento\\Framewo...')
#8 /home/cloudpanel/htdocs/freshmage/vendor/magento/framework/ObjectManager/ObjectManager.php(71): Magento\Framework\ObjectManager\Factory\Dynamic\Developer->create('Magento\\Framewo...')
#9 /home/cloudpanel/htdocs/freshmage/vendor/magento/framework/ObjectManager/Factory/AbstractFactory.php(126): Magento\Framework\ObjectManager\ObjectManager->get('Magento\\Framewo...')
#10 /home/cloudpanel/htdocs/freshmage/vendor/magento/framework/ObjectManager/Factory/Dynamic/Developer.php(53): Magento\Framework\ObjectManager\Factory\AbstractFactory->resolveArgument(Array, 'Magento\\Framewo...', NULL, 'reader', 'Magento\\Framewo...')
#11 /home/cloudpanel/htdocs/freshmage/vendor/magento/framework/ObjectManager/Factory/Dynamic/Developer.php(82): Magento\Framework\ObjectManager\Factory\Dynamic\Developer->_resolveArguments('Magento\\Framewo...', Array, Array)
#12 /home/cloudpanel/htdocs/freshmage/vendor/magento/framework/ObjectManager/ObjectManager.php(71): Magento\Framework\ObjectManager\Factory\Dynamic\Developer->create('Magento\\Framewo...')
#13 /home/cloudpanel/htdocs/freshmage/vendor/magento/framework/ObjectManager/Factory/AbstractFactory.php(126): Magento\Framework\ObjectManager\ObjectManager->get('Magento\\Framewo...')
#14 /home/cloudpanel/htdocs/freshmage/vendor/magento/framework/ObjectManager/Factory/Dynamic/Developer.php(53): Magento\Framework\ObjectManager\Factory\AbstractFactory->resolveArgument(Array, 'Magento\\Framewo...', NULL, 'dataContainer', 'Magento\\Framewo...')
#15 /home/cloudpanel/htdocs/freshmage/vendor/magento/framework/ObjectManager/Factory/Dynamic/Developer.php(82): Magento\Framework\ObjectManager\Factory\Dynamic\Developer->_resolveArguments('Magento\\Framewo...', Array, Array)
#16 /home/cloudpanel/htdocs/freshmage/vendor/magento/framework/ObjectManager/ObjectManager.php(71): Magento\Framework\ObjectManager\Factory\Dynamic\Developer->create('Magento\\Framewo...')
#17 /home/cloudpanel/htdocs/freshmage/vendor/magento/framework/ObjectManager/Factory/AbstractFactory.php(126): Magento\Framework\ObjectManager\ObjectManager->get('Magento\\Framewo...')
#18 /home/cloudpanel/htdocs/freshmage/vendor/magento/framework/ObjectManager/Factory/Dynamic/Developer.php(53): Magento\Framework\ObjectManager\Factory\AbstractFactory->resolveArgument(Array, 'Magento\\Framewo...', NULL, 'eventConfig', 'Magento\\Framewo...')
#19 /home/cloudpanel/htdocs/freshmage/vendor/magento/framework/ObjectManager/Factory/Dynamic/Developer.php(82): Magento\Framework\ObjectManager\Factory\Dynamic\Developer->_resolveArguments('Magento\\Framewo...', Array, Array)
#20 /home/cloudpanel/htdocs/freshmage/vendor/magento/framework/ObjectManager/ObjectManager.php(71): Magento\Framework\ObjectManager\Factory\Dynamic\Developer->create('Magento\\Framewo...')
#21 /home/cloudpanel/htdocs/freshmage/vendor/magento/framework/ObjectManager/Factory/AbstractFactory.php(126): Magento\Framework\ObjectManager\ObjectManager->get('Magento\\Framewo...')
#22 /home/cloudpanel/htdocs/freshmage/vendor/magento/framework/ObjectManager/Factory/Dynamic/Developer.php(53): Magento\Framework\ObjectManager\Factory\AbstractFactory->resolveArgument(Array, 'Magento\\Framewo...', NULL, 'eventManager', 'Magento\\Framewo...')
#23 /home/cloudpanel/htdocs/freshmage/vendor/magento/framework/ObjectManager/Factory/Dynamic/Developer.php(82): Magento\Framework\ObjectManager\Factory\Dynamic\Developer->_resolveArguments('Magento\\Framewo...', Array, Array)
#24 /home/cloudpanel/htdocs/freshmage/vendor/magento/framework/ObjectManager/ObjectManager.php(57): Magento\Framework\ObjectManager\Factory\Dynamic\Developer->create('Magento\\Framewo...', Array)
#25 /home/cloudpanel/htdocs/freshmage/vendor/magento/framework/App/Bootstrap.php(233): Magento\Framework\ObjectManager\ObjectManager->create('Magento\\Framewo...', Array)
#26 /home/cloudpanel/htdocs/freshmage/index.php(38): Magento\Framework\App\Bootstrap->createApplication('Magento\\Framewo...')
#27 {main} [] []
[2019-02-21 02:43:32] main.CRITICAL: RuntimeException: Can't create directory /home/cloudpanel/htdocs/freshmage/var/generation/Magento/Framework/Event/Config/Reader/. in /home/cloudpanel/htdocs/freshmage/vendor/magento/framework/Code/Generator.php:115
Stack trace:
#0 /home/cloudpanel/htdocs/freshmage/vendor/magento/framework/Code/Generator/Autoloader.php(35): Magento\Framework\Code\Generator->generateClass('Magento\\Framewo...')
#1 [internal function]: Magento\Framework\Code\Generator\Autoloader->load('Magento\\Framewo...')
#2 [internal function]: spl_autoload_call('Magento\\Framewo...')
#3 /home/cloudpanel/htdocs/freshmage/vendor/magento/framework/ObjectManager/Relations/Runtime.php(38): class_exists('Magento\\Framewo...')
#4 /home/cloudpanel/htdocs/freshmage/vendor/magento/framework/Interception/Config/Config.php(153): Magento\Framework\ObjectManager\Relations\Runtime->has('Magento\\Framewo...')
#5 /home/cloudpanel/htdocs/freshmage/vendor/magento/framework/Interception/Config/Config.php(176): Magento\Framework\Interception\Config\Config->_inheritInterception('Magento\\Framewo...')
#6 /home/cloudpanel/htdocs/freshmage/vendor/magento/framework/Interception/ObjectManager/Config/Developer.php(61): Magento\Framework\Interception\Config\Config->hasPlugins('Magento\\Framewo...')
#7 /home/cloudpanel/htdocs/freshmage/vendor/magento/framework/ObjectManager/Factory/Dynamic/Developer.php(70): Magento\Framework\Interception\ObjectManager\Config\Developer->getInstanceType('Magento\\Framewo...')
#8 /home/cloudpanel/htdocs/freshmage/vendor/magento/framework/ObjectManager/ObjectManager.php(71): Magento\Framework\ObjectManager\Factory\Dynamic\Developer->create('Magento\\Framewo...')
#9 /home/cloudpanel/htdocs/freshmage/vendor/magento/framework/ObjectManager/Factory/AbstractFactory.php(126): Magento\Framework\ObjectManager\ObjectManager->get('Magento\\Framewo...')
#10 /home/cloudpanel/htdocs/freshmage/vendor/magento/framework/ObjectManager/Factory/Dynamic/Developer.php(53): Magento\Framework\ObjectManager\Factory\AbstractFactory->resolveArgument(Array, 'Magento\\Framewo...', NULL, 'reader', 'Magento\\Framewo...')
#11 /home/cloudpanel/htdocs/freshmage/vendor/magento/framework/ObjectManager/Factory/Dynamic/Developer.php(82): Magento\Framework\ObjectManager\Factory\Dynamic\Developer->_resolveArguments('Magento\\Framewo...', Array, Array)
#12 /home/cloudpanel/htdocs/freshmage/vendor/magento/framework/ObjectManager/ObjectManager.php(71): Magento\Framework\ObjectManager\Factory\Dynamic\Developer->create('Magento\\Framewo...')
#13 /home/cloudpanel/htdocs/freshmage/vendor/magento/framework/ObjectManager/Factory/AbstractFactory.php(126): Magento\Framework\ObjectManager\ObjectManager->get('Magento\\Framewo...')
#14 /home/cloudpanel/htdocs/freshmage/vendor/magento/framework/ObjectManager/Factory/Dynamic/Developer.php(53): Magento\Framework\ObjectManager\Factory\AbstractFactory->resolveArgument(Array, 'Magento\\Framewo...', NULL, 'dataContainer', 'Magento\\Framewo...')
#15 /home/cloudpanel/htdocs/freshmage/vendor/magento/framework/ObjectManager/Factory/Dynamic/Developer.php(82): Magento\Framework\ObjectManager\Factory\Dynamic\Developer->_resolveArguments('Magento\\Framewo...', Array, Array)
#16 /home/cloudpanel/htdocs/freshmage/vendor/magento/framework/ObjectManager/ObjectManager.php(71): Magento\Framework\ObjectManager\Factory\Dynamic\Developer->create('Magento\\Framewo...')
#17 /home/cloudpanel/htdocs/freshmage/vendor/magento/framework/ObjectManager/Factory/AbstractFactory.php(126): Magento\Framework\ObjectManager\ObjectManager->get('Magento\\Framewo...')
#18 /home/cloudpanel/htdocs/freshmage/vendor/magento/framework/ObjectManager/Factory/Dynamic/Developer.php(53): Magento\Framework\ObjectManager\Factory\AbstractFactory->resolveArgument(Array, 'Magento\\Framewo...', NULL, 'eventConfig', 'Magento\\Framewo...')
#19 /home/cloudpanel/htdocs/freshmage/vendor/magento/framework/ObjectManager/Factory/Dynamic/Developer.php(82): Magento\Framework\ObjectManager\Factory\Dynamic\Developer->_resolveArguments('Magento\\Framewo...', Array, Array)
#20 /home/cloudpanel/htdocs/freshmage/vendor/magento/framework/ObjectManager/ObjectManager.php(71): Magento\Framework\ObjectManager\Factory\Dynamic\Developer->create('Magento\\Framewo...')
#21 /home/cloudpanel/htdocs/freshmage/vendor/magento/framework/ObjectManager/Factory/AbstractFactory.php(126): Magento\Framework\ObjectManager\ObjectManager->get('Magento\\Framewo...')
#22 /home/cloudpanel/htdocs/freshmage/vendor/magento/framework/ObjectManager/Factory/Dynamic/Developer.php(53): Magento\Framework\ObjectManager\Factory\AbstractFactory->resolveArgument(Array, 'Magento\\Framewo...', NULL, 'eventManager', 'Magento\\Framewo...')
#23 /home/cloudpanel/htdocs/freshmage/vendor/magento/framework/ObjectManager/Factory/Dynamic/Developer.php(82): Magento\Framework\ObjectManager\Factory\Dynamic\Developer->_resolveArguments('Magento\\Framewo...', Array, Array)
#24 /home/cloudpanel/htdocs/freshmage/vendor/magento/framework/ObjectManager/ObjectManager.php(57): Magento\Framework\ObjectManager\Factory\Dynamic\Developer->create('Magento\\Framewo...', Array)
#25 /home/cloudpanel/htdocs/freshmage/vendor/magento/framework/App/Bootstrap.php(233): Magento\Framework\ObjectManager\ObjectManager->create('Magento\\Framewo...', Array)
#26 /home/cloudpanel/htdocs/freshmage/index.php(38): Magento\Framework\App\Bootstrap->createApplication('Magento\\Framewo...')
#27 {main} [] []
[2019-02-21 02:43:34] main.CRITICAL: RuntimeException: Can't create directory /home/cloudpanel/htdocs/freshmage/var/generation/Magento/Framework/Event/Config/Reader/. in /home/cloudpanel/htdocs/freshmage/vendor/magento/framework/Code/Generator.php:115
Stack trace:
#0 /home/cloudpanel/htdocs/freshmage/vendor/magento/framework/Code/Generator/Autoloader.php(35): Magento\Framework\Code\Generator->generateClass('Magento\\Framewo...')
#1 [internal function]: Magento\Framework\Code\Generator\Autoloader->load('Magento\\Framewo...')
#2 [internal function]: spl_autoload_call('Magento\\Framewo...')
#3 /home/cloudpanel/htdocs/freshmage/vendor/magento/framework/ObjectManager/Relations/Runtime.php(38): class_exists('Magento\\Framewo...')
#4 /home/cloudpanel/htdocs/freshmage/vendor/magento/framework/Interception/Config/Config.php(153): Magento\Framework\ObjectManager\Relations\Runtime->has('Magento\\Framewo...')
#5 /home/cloudpanel/htdocs/freshmage/vendor/magento/framework/Interception/Config/Config.php(176): Magento\Framework\Interception\Config\Config->_inheritInterception('Magento\\Framewo...')
#6 /home/cloudpanel/htdocs/freshmage/vendor/magento/framework/Interception/ObjectManager/Config/Developer.php(61): Magento\Framework\Interception\Config\Config->hasPlugins('Magento\\Framewo...')
#7 /home/cloudpanel/htdocs/freshmage/vendor/magento/framework/ObjectManager/Factory/Dynamic/Developer.php(70): Magento\Framework\Interception\ObjectManager\Config\Developer->getInstanceType('Magento\\Framewo...')
#8 /home/cloudpanel/htdocs/freshmage/vendor/magento/framework/ObjectManager/ObjectManager.php(71): Magento\Framework\ObjectManager\Factory\Dynamic\Developer->create('Magento\\Framewo...')
#9 /home/cloudpanel/htdocs/freshmage/vendor/magento/framework/ObjectManager/Factory/AbstractFactory.php(126): Magento\Framework\ObjectManager\ObjectManager->get('Magento\\Framewo...')
#10 /home/cloudpanel/htdocs/freshmage/vendor/magento/framework/ObjectManager/Factory/Dynamic/Developer.php(53): Magento\Framework\ObjectManager\Factory\AbstractFactory->resolveArgument(Array, 'Magento\\Framewo...', NULL, 'reader', 'Magento\\Framewo...')
#11 /home/cloudpanel/htdocs/freshmage/vendor/magento/framework/ObjectManager/Factory/Dynamic/Developer.php(82): Magento\Framework\ObjectManager\Factory\Dynamic\Developer->_resolveArguments('Magento\\Framewo...', Array, Array)
#12 /home/cloudpanel/htdocs/freshmage/vendor/magento/framework/ObjectManager/ObjectManager.php(71): Magento\Framework\ObjectManager\Factory\Dynamic\Developer->create('Magento\\Framewo...')
#13 /home/cloudpanel/htdocs/freshmage/vendor/magento/framework/ObjectManager/Factory/AbstractFactory.php(126): Magento\Framework\ObjectManager\ObjectManager->get('Magento\\Framewo...')
#14 /home/cloudpanel/htdocs/freshmage/vendor/magento/framework/ObjectManager/Factory/Dynamic/Developer.php(53): Magento\Framework\ObjectManager\Factory\AbstractFactory->resolveArgument(Array, 'Magento\\Framewo...', NULL, 'dataContainer', 'Magento\\Framewo...')
#15 /home/cloudpanel/htdocs/freshmage/vendor/magento/framework/ObjectManager/Factory/Dynamic/Developer.php(82): Magento\Framework\ObjectManager\Factory\Dynamic\Developer->_resolveArguments('Magento\\Framewo...', Array, Array)
#16 /home/cloudpanel/htdocs/freshmage/vendor/magento/framework/ObjectManager/ObjectManager.php(71): Magento\Framework\ObjectManager\Factory\Dynamic\Developer->create('Magento\\Framewo...')
#17 /home/cloudpanel/htdocs/freshmage/vendor/magento/framework/ObjectManager/Factory/AbstractFactory.php(126): Magento\Framework\ObjectManager\ObjectManager->get('Magento\\Framewo...')
#18 /home/cloudpanel/htdocs/freshmage/vendor/magento/framework/ObjectManager/Factory/Dynamic/Developer.php(53): Magento\Framework\ObjectManager\Factory\AbstractFactory->resolveArgument(Array, 'Magento\\Framewo...', NULL, 'eventConfig', 'Magento\\Framewo...')
#19 /home/cloudpanel/htdocs/freshmage/vendor/magento/framework/ObjectManager/Factory/Dynamic/Developer.php(82): Magento\Framework\ObjectManager\Factory\Dynamic\Developer->_resolveArguments('Magento\\Framewo...', Array, Array)
#20 /home/cloudpanel/htdocs/freshmage/vendor/magento/framework/ObjectManager/ObjectManager.php(71): Magento\Framework\ObjectManager\Factory\Dynamic\Developer->create('Magento\\Framewo...')
#21 /home/cloudpanel/htdocs/freshmage/vendor/magento/framework/ObjectManager/Factory/AbstractFactory.php(126): Magento\Framework\ObjectManager\ObjectManager->get('Magento\\Framewo...')
#22 /home/cloudpanel/htdocs/freshmage/vendor/magento/framework/ObjectManager/Factory/Dynamic/Developer.php(53): Magento\Framework\ObjectManager\Factory\AbstractFactory->resolveArgument(Array, 'Magento\\Framewo...', NULL, 'eventManager', 'Magento\\Framewo...')
#23 /home/cloudpanel/htdocs/freshmage/vendor/magento/framework/ObjectManager/Factory/Dynamic/Developer.php(82): Magento\Framework\ObjectManager\Factory\Dynamic\Developer->_resolveArguments('Magento\\Framewo...', Array, Array)
#24 /home/cloudpanel/htdocs/freshmage/vendor/magento/framework/ObjectManager/ObjectManager.php(57): Magento\Framework\ObjectManager\Factory\Dynamic\Developer->create('Magento\\Framewo...', Array)
#25 /home/cloudpanel/htdocs/freshmage/vendor/magento/framework/App/Bootstrap.php(233): Magento\Framework\ObjectManager\ObjectManager->create('Magento\\Framewo...', Array)
#26 /home/cloudpanel/htdocs/freshmage/index.php(38): Magento\Framework\App\Bootstrap->createApplication('Magento\\Framewo...')
#27 {main} [] []
[2019-02-21 02:43:41] main.CRITICAL: RuntimeException: Can't create directory /home/cloudpanel/htdocs/freshmage/var/generation/Magento/Framework/Event/Config/Reader/. in /home/cloudpanel/htdocs/freshmage/vendor/magento/framework/Code/Generator.php:115
Stack trace:
#0 /home/cloudpanel/htdocs/freshmage/vendor/magento/framework/Code/Generator/Autoloader.php(35): Magento\Framework\Code\Generator->generateClass('Magento\\Framewo...')
#1 [internal function]: Magento\Framework\Code\Generator\Autoloader->load('Magento\\Framewo...')
#2 [internal function]: spl_autoload_call('Magento\\Framewo...')
#3 /home/cloudpanel/htdocs/freshmage/vendor/magento/framework/ObjectManager/Relations/Runtime.php(38): class_exists('Magento\\Framewo...')
#4 /home/cloudpanel/htdocs/freshmage/vendor/magento/framework/Interception/Config/Config.php(153): Magento\Framework\ObjectManager\Relations\Runtime->has('Magento\\Framewo...')
#5 /home/cloudpanel/htdocs/freshmage/vendor/magento/framework/Interception/Config/Config.php(176): Magento\Framework\Interception\Config\Config->_inheritInterception('Magento\\Framewo...')
#6 /home/cloudpanel/htdocs/freshmage/vendor/magento/framework/Interception/ObjectManager/Config/Developer.php(61): Magento\Framework\Interception\Config\Config->hasPlugins('Magento\\Framewo...')
#7 /home/cloudpanel/htdocs/freshmage/vendor/magento/framework/ObjectManager/Factory/Dynamic/Developer.php(70): Magento\Framework\Interception\ObjectManager\Config\Developer->getInstanceType('Magento\\Framewo...')
#8 /home/cloudpanel/htdocs/freshmage/vendor/magento/framework/ObjectManager/ObjectManager.php(71): Magento\Framework\ObjectManager\Factory\Dynamic\Developer->create('Magento\\Framewo...')
#9 /home/cloudpanel/htdocs/freshmage/vendor/magento/framework/ObjectManager/Factory/AbstractFactory.php(126): Magento\Framework\ObjectManager\ObjectManager->get('Magento\\Framewo...')
#10 /home/cloudpanel/htdocs/freshmage/vendor/magento/framework/ObjectManager/Factory/Dynamic/Developer.php(53): Magento\Framework\ObjectManager\Factory\AbstractFactory->resolveArgument(Array, 'Magento\\Framewo...', NULL, 'reader', 'Magento\\Framewo...')
#11 /home/cloudpanel/htdocs/freshmage/vendor/magento/framework/ObjectManager/Factory/Dynamic/Developer.php(82): Magento\Framework\ObjectManager\Factory\Dynamic\Developer->_resolveArguments('Magento\\Framewo...', Array, Array)
#12 /home/cloudpanel/htdocs/freshmage/vendor/magento/framework/ObjectManager/ObjectManager.php(71): Magento\Framework\ObjectManager\Factory\Dynamic\Developer->create('Magento\\Framewo...')
#13 /home/cloudpanel/htdocs/freshmage/vendor/magento/framework/ObjectManager/Factory/AbstractFactory.php(126): Magento\Framework\ObjectManager\ObjectManager->get('Magento\\Framewo...')
#14 /home/cloudpanel/htdocs/freshmage/vendor/magento/framework/ObjectManager/Factory/Dynamic/Developer.php(53): Magento\Framework\ObjectManager\Factory\AbstractFactory->resolveArgument(Array, 'Magento\\Framewo...', NULL, 'dataContainer', 'Magento\\Framewo...')
#15 /home/cloudpanel/htdocs/freshmage/vendor/magento/framework/ObjectManager/Factory/Dynamic/Developer.php(82): Magento\Framework\ObjectManager\Factory\Dynamic\Developer->_resolveArguments('Magento\\Framewo...', Array, Array)
#16 /home/cloudpanel/htdocs/freshmage/vendor/magento/framework/ObjectManager/ObjectManager.php(71): Magento\Framework\ObjectManager\Factory\Dynamic\Developer->create('Magento\\Framewo...')
#17 /home/cloudpanel/htdocs/freshmage/vendor/magento/framework/ObjectManager/Factory/AbstractFactory.php(126): Magento\Framework\ObjectManager\ObjectManager->get('Magento\\Framewo...')
#18 /home/cloudpanel/htdocs/freshmage/vendor/magento/framework/ObjectManager/Factory/Dynamic/Developer.php(53): Magento\Framework\ObjectManager\Factory\AbstractFactory->resolveArgument(Array, 'Magento\\Framewo...', NULL, 'eventConfig', 'Magento\\Framewo...')
#19 /home/cloudpanel/htdocs/freshmage/vendor/magento/framework/ObjectManager/Factory/Dynamic/Developer.php(82): Magento\Framework\ObjectManager\Factory\Dynamic\Developer->_resolveArguments('Magento\\Framewo...', Array, Array)
#20 /home/cloudpanel/htdocs/freshmage/vendor/magento/framework/ObjectManager/ObjectManager.php(71): Magento\Framework\ObjectManager\Factory\Dynamic\Developer->create('Magento\\Framewo...')
#21 /home/cloudpanel/htdocs/freshmage/vendor/magento/framework/ObjectManager/Factory/AbstractFactory.php(126): Magento\Framework\ObjectManager\ObjectManager->get('Magento\\Framewo...')
#22 /home/cloudpanel/htdocs/freshmage/vendor/magento/framework/ObjectManager/Factory/Dynamic/Developer.php(53): Magento\Framework\ObjectManager\Factory\AbstractFactory->resolveArgument(Array, 'Magento\\Framewo...', NULL, 'eventManager', 'Magento\\Framewo...')
#23 /home/cloudpanel/htdocs/freshmage/vendor/magento/framework/ObjectManager/Factory/Dynamic/Developer.php(82): Magento\Framework\ObjectManager\Factory\Dynamic\Developer->_resolveArguments('Magento\\Framewo...', Array, Array)
#24 /home/cloudpanel/htdocs/freshmage/vendor/magento/framework/ObjectManager/ObjectManager.php(57): Magento\Framework\ObjectManager\Factory\Dynamic\Developer->create('Magento\\Framewo...', Array)
#25 /home/cloudpanel/htdocs/freshmage/vendor/magento/framework/App/Bootstrap.php(233): Magento\Framework\ObjectManager\ObjectManager->create('Magento\\Framewo...', Array)
#26 /home/cloudpanel/htdocs/freshmage/index.php(38): Magento\Framework\App\Bootstrap->createApplication('Magento\\Framewo...')
#27 {main} [] []
[2019-02-21 03:47:49] main.CRITICAL: RuntimeException: Can't create directory /home/cloudpanel/htdocs/freshmage/var/generation/Magento/Framework/App/Response/Http/. in /home/cloudpanel/htdocs/freshmage/vendor/magento/framework/Code/Generator.php:115
Stack trace:
#0 /home/cloudpanel/htdocs/freshmage/vendor/magento/framework/Code/Generator/Autoloader.php(35): Magento\Framework\Code\Generator->generateClass('Magento\\Framewo...')
#1 [internal function]: Magento\Framework\Code\Generator\Autoloader->load('Magento\\Framewo...')
#2 [internal function]: spl_autoload_call('Magento\\Framewo...')
#3 /home/cloudpanel/htdocs/freshmage/vendor/magento/framework/Code/Reader/ClassReader.php(19): ReflectionClass->__construct('Magento\\Framewo...')
#4 /home/cloudpanel/htdocs/freshmage/vendor/magento/framework/ObjectManager/Definition/Runtime.php(44): Magento\Framework\Code\Reader\ClassReader->getConstructor('Magento\\Framewo...')
#5 /home/cloudpanel/htdocs/freshmage/vendor/magento/framework/ObjectManager/Factory/Dynamic/Developer.php(71): Magento\Framework\ObjectManager\Definition\Runtime->getParameters('Magento\\Framewo...')
#6 /home/cloudpanel/htdocs/freshmage/vendor/magento/framework/ObjectManager/ObjectManager.php(71): Magento\Framework\ObjectManager\Factory\Dynamic\Developer->create('Magento\\Framewo...')
#7 /home/cloudpanel/htdocs/freshmage/vendor/magento/framework/ObjectManager/Factory/AbstractFactory.php(126): Magento\Framework\ObjectManager\ObjectManager->get('Magento\\Framewo...')
#8 /home/cloudpanel/htdocs/freshmage/vendor/magento/framework/ObjectManager/Factory/Dynamic/Developer.php(53): Magento\Framework\ObjectManager\Factory\AbstractFactory->resolveArgument(Array, 'Magento\\Framewo...', NULL, 'response', 'Magento\\Framewo...')
#9 /home/cloudpanel/htdocs/freshmage/vendor/magento/framework/ObjectManager/Factory/Dynamic/Developer.php(82): Magento\Framework\ObjectManager\Factory\Dynamic\Developer->_resolveArguments('Magento\\Framewo...', Array, Array)
#10 /home/cloudpanel/htdocs/freshmage/vendor/magento/framework/ObjectManager/ObjectManager.php(57): Magento\Framework\ObjectManager\Factory\Dynamic\Developer->create('Magento\\Framewo...', Array)
#11 /home/cloudpanel/htdocs/freshmage/vendor/magento/framework/App/Bootstrap.php(233): Magento\Framework\ObjectManager\ObjectManager->create('Magento\\Framewo...', Array)
#12 /home/cloudpanel/htdocs/freshmage/index.php(38): Magento\Framework\App\Bootstrap->createApplication('Magento\\Framewo...')
#13 {main} [] []
[2019-02-21 03:47:51] main.CRITICAL: RuntimeException: Can't create directory /home/cloudpanel/htdocs/freshmage/var/generation/Magento/Framework/App/Response/Http/. in /home/cloudpanel/htdocs/freshmage/vendor/magento/framework/Code/Generator.php:115
Stack trace:
#0 /home/cloudpanel/htdocs/freshmage/vendor/magento/framework/Code/Generator/Autoloader.php(35): Magento\Framework\Code\Generator->generateClass('Magento\\Framewo...')
#1 [internal function]: Magento\Framework\Code\Generator\Autoloader->load('Magento\\Framewo...')
#2 [internal function]: spl_autoload_call('Magento\\Framewo...')
#3 /home/cloudpanel/htdocs/freshmage/vendor/magento/framework/Code/Reader/ClassReader.php(19): ReflectionClass->__construct('Magento\\Framewo...')
#4 /home/cloudpanel/htdocs/freshmage/vendor/magento/framework/ObjectManager/Definition/Runtime.php(44): Magento\Framework\Code\Reader\ClassReader->getConstructor('Magento\\Framewo...')
#5 /home/cloudpanel/htdocs/freshmage/vendor/magento/framework/ObjectManager/Factory/Dynamic/Developer.php(71): Magento\Framework\ObjectManager\Definition\Runtime->getParameters('Magento\\Framewo...')
#6 /home/cloudpanel/htdocs/freshmage/vendor/magento/framework/ObjectManager/ObjectManager.php(71): Magento\Framework\ObjectManager\Factory\Dynamic\Developer->create('Magento\\Framewo...')
#7 /home/cloudpanel/htdocs/freshmage/vendor/magento/framework/ObjectManager/Factory/AbstractFactory.php(126): Magento\Framework\ObjectManager\ObjectManager->get('Magento\\Framewo...')
#8 /home/cloudpanel/htdocs/freshmage/vendor/magento/framework/ObjectManager/Factory/Dynamic/Developer.php(53): Magento\Framework\ObjectManager\Factory\AbstractFactory->resolveArgument(Array, 'Magento\\Framewo...', NULL, 'response', 'Magento\\Framewo...')
#9 /home/cloudpanel/htdocs/freshmage/vendor/magento/framework/ObjectManager/Factory/Dynamic/Developer.php(82): Magento\Framework\ObjectManager\Factory\Dynamic\Developer->_resolveArguments('Magento\\Framewo...', Array, Array)
#10 /home/cloudpanel/htdocs/freshmage/vendor/magento/framework/ObjectManager/ObjectManager.php(57): Magento\Framework\ObjectManager\Factory\Dynamic\Developer->create('Magento\\Framewo...', Array)
#11 /home/cloudpanel/htdocs/freshmage/vendor/magento/framework/App/Bootstrap.php(233): Magento\Framework\ObjectManager\ObjectManager->create('Magento\\Framewo...', Array)
#12 /home/cloudpanel/htdocs/freshmage/index.php(38): Magento\Framework\App\Bootstrap->createApplication('Magento\\Framewo...')
#13 {main} [] []
